0 info it worked if it ends with ok
1 verbose cli [ '/usr/local/bin/node', '/usr/local/bin/npm', 'start' ]
2 info using npm@3.10.7
3 info using node@v6.4.0
4 verbose run-script [ 'prestart', 'start', 'poststart' ]
5 info lifecycle online-log@1.0.0~prestart: online-log@1.0.0
6 silly lifecycle online-log@1.0.0~prestart: no script for prestart, continuing
7 info lifecycle online-log@1.0.0~start: online-log@1.0.0
8 verbose lifecycle online-log@1.0.0~start: unsafe-perm in lifecycle true
9 verbose lifecycle online-log@1.0.0~start: PATH: /usr/local/lib/node_modules/npm/bin/node-gyp-bin:/home/linfeiyang/home/Documents/github/online-log/node_modules/.bin:/usr/local/bin:/usr/local/sbin:/usr/bin:/usr/sbin:/bin:/sbin:/home/linfeiyang/.local/bin:/home/linfeiyang/bin:/home/linfeiyang/.local/bin:/home/linfeiyang/bin
10 verbose lifecycle online-log@1.0.0~start: CWD: /home/linfeiyang/home/Documents/github/online-log
11 silly lifecycle online-log@1.0.0~start: Args: [ '-c', 'node ./src/transform.js' ]
12 silly lifecycle online-log@1.0.0~start: Returned: code: 1  signal: null
13 info lifecycle online-log@1.0.0~start: Failed to exec start script
14 verbose stack Error: online-log@1.0.0 start: `node ./src/transform.js`
14 verbose stack Exit status 1
14 verbose stack     at EventEmitter.<anonymous> (/usr/local/lib/node_modules/npm/lib/utils/lifecycle.js:255:16)
14 verbose stack     at emitTwo (events.js:106:13)
14 verbose stack     at EventEmitter.emit (events.js:191:7)
14 verbose stack     at ChildProcess.<anonymous> (/usr/local/lib/node_modules/npm/lib/utils/spawn.js:40:14)
14 verbose stack     at emitTwo (events.js:106:13)
14 verbose stack     at ChildProcess.emit (events.js:191:7)
14 verbose stack     at maybeClose (internal/child_process.js:852:16)
14 verbose stack     at Process.ChildProcess._handle.onexit (internal/child_process.js:215:5)
15 verbose pkgid online-log@1.0.0
16 verbose cwd /home/linfeiyang/home/Documents/github/online-log
17 error Linux 3.10.0-327.el7.x86_64
18 error argv "/usr/local/bin/node" "/usr/local/bin/npm" "start"
19 error node v6.4.0
20 error npm  v3.10.7
21 error code ELIFECYCLE
22 error online-log@1.0.0 start: `node ./src/transform.js`
22 error Exit status 1
23 error Failed at the online-log@1.0.0 start script 'node ./src/transform.js'.
23 error Make sure you have the latest version of node.js and npm installed.
23 error If you do, this is most likely a problem with the online-log package,
23 error not with npm itself.
23 error Tell the author that this fails on your system:
23 error     node ./src/transform.js
23 error You can get information on how to open an issue for this project with:
23 error     npm bugs online-log
23 error Or if that isn't available, you can get their info via:
23 error     npm owner ls online-log
23 error There is likely additional logging output above.
24 verbose exit [ 1, true ]
